c:\users\branislav hesko\documents\phd_works\manualobjectdetection\manualobjectdetection\x64\debug\manualobjectdetection.pch
c:\users\branislav hesko\documents\phd_works\manualobjectdetection\manualobjectdetection\x64\debug\vc141.pdb
c:\users\branislav hesko\documents\phd_works\manualobjectdetection\manualobjectdetection\x64\debug\vc141.idb
c:\users\branislav hesko\documents\phd_works\manualobjectdetection\manualobjectdetection\x64\debug\pch.obj
c:\users\branislav hesko\documents\phd_works\manualobjectdetection\manualobjectdetection\x64\debug\writer.obj
c:\users\branislav hesko\documents\phd_works\manualobjectdetection\manualobjectdetection\x64\debug\manualobjectdetection.obj
c:\users\branislav hesko\documents\phd_works\manualobjectdetection\manualobjectdetection\x64\debug\frameloader.obj
c:\users\branislav hesko\documents\phd_works\manualobjectdetection\manualobjectdetection\x64\debug\classloader.obj
c:\users\branislav hesko\documents\phd_works\manualobjectdetection\manualobjectdetection\x64\debug\application.obj
c:\users\branislav hesko\documents\phd_works\manualobjectdetection\x64\debug\manualobjectdetection.exe
c:\users\branislav hesko\documents\phd_works\manualobjectdetection\x64\debug\manualobjectdetection.ilk
c:\users\branislav hesko\documents\phd_works\manualobjectdetection\x64\debug\manualobjectdetection.pdb
c:\users\branislav hesko\documents\phd_works\manualobjectdetection\manualobjectdetection\x64\debug\vcpkg.applocal.log
c:\users\branislav hesko\documents\phd_works\manualobjectdetection\x64\debug\opencv_core343d.dll
c:\users\branislav hesko\documents\phd_works\manualobjectdetection\x64\debug\zlibd1.dll
c:\users\branislav hesko\documents\phd_works\manualobjectdetection\x64\debug\opencv_highgui343d.dll
c:\users\branislav hesko\documents\phd_works\manualobjectdetection\x64\debug\opencv_videoio343d.dll
c:\users\branislav hesko\documents\phd_works\manualobjectdetection\x64\debug\opencv_imgcodecs343d.dll
c:\users\branislav hesko\documents\phd_works\manualobjectdetection\x64\debug\opencv_imgproc343d.dll
c:\users\branislav hesko\documents\phd_works\manualobjectdetection\x64\debug\jpeg62.dll
c:\users\branislav hesko\documents\phd_works\manualobjectdetection\x64\debug\libpng16d.dll
c:\users\branislav hesko\documents\phd_works\manualobjectdetection\x64\debug\tiffd.dll
c:\users\branislav hesko\documents\phd_works\manualobjectdetection\x64\debug\lzma.dll
c:\users\branislav hesko\documents\phd_works\manualobjectdetection\manualobjectdetection\x64\debug\manualob.192c5804.tlog\cl.command.1.tlog
c:\users\branislav hesko\documents\phd_works\manualobjectdetection\manualobjectdetection\x64\debug\manualob.192c5804.tlog\cl.read.1.tlog
c:\users\branislav hesko\documents\phd_works\manualobjectdetection\manualobjectdetection\x64\debug\manualob.192c5804.tlog\cl.write.1.tlog
c:\users\branislav hesko\documents\phd_works\manualobjectdetection\manualobjectdetection\x64\debug\manualob.192c5804.tlog\link.command.1.tlog
c:\users\branislav hesko\documents\phd_works\manualobjectdetection\manualobjectdetection\x64\debug\manualob.192c5804.tlog\link.read.1.tlog
c:\users\branislav hesko\documents\phd_works\manualobjectdetection\manualobjectdetection\x64\debug\manualob.192c5804.tlog\link.write.1.tlog
c:\users\branislav hesko\documents\phd_works\manualobjectdetection\manualobjectdetection\x64\debug\manualob.192c5804.tlog\manualobjectdetection.write.1u.tlog
